Unity Editor version:    2022.3.14f1 (eff2de9070d8)
Branch:                  2022.3/staging
Build type:              Release
Batch mode:              YES
macOS version:           Version 12.6 (Build 21G115)
Darwin version:          21.6.0
Architecture:            arm64
Running under Rosetta:   NO
Available memory:        16384 MB
Using pre-set license
Pro License: YES

COMMAND LINE ARGUMENTS:
/Applications/Unity/Unity.app/Contents/MacOS/Unity
-adb2
-batchMode
-noUpm
-name
AssetImportWorker1
-projectPath
/Users/pavelmalkov/Unity/Imagine_RocketLaunch/Rocket Launch Sim
-logFile
Logs/AssetImportWorker1.log
-srvPort
58915
Successfully changed project path to: /Users/pavelmalkov/Unity/Imagine_RocketLaunch/Rocket Launch Sim
/Users/pavelmalkov/Unity/Imagine_RocketLaunch/Rocket Launch Sim
[UnityMemory] Configuration Parameters - Can be set up in boot.config
    "memorysetup-bucket-allocator-granularity=16"
    "memorysetup-bucket-allocator-bucket-count=8"
    "memorysetup-bucket-allocator-block-size=33554432"
    "memorysetup-bucket-allocator-block-count=8"
    "memorysetup-main-allocator-block-size=16777216"
    "memorysetup-thread-allocator-block-size=16777216"
    "memorysetup-gfx-main-allocator-block-size=16777216"
    "memorysetup-gfx-thread-allocator-block-size=16777216"
    "memorysetup-cache-allocator-block-size=4194304"
    "memorysetup-typetree-allocator-block-size=2097152"
    "memorysetup-profiler-bucket-allocator-granularity=16"
    "memorysetup-profiler-bucket-allocator-bucket-count=8"
    "memorysetup-profiler-bucket-allocator-block-size=33554432"
    "memorysetup-profiler-bucket-allocator-block-count=8"
    "memorysetup-profiler-allocator-block-size=16777216"
    "memorysetup-profiler-editor-allocator-block-size=1048576"
    "memorysetup-temp-allocator-size-main=16777216"
    "memorysetup-job-temp-allocator-block-size=2097152"
    "memorysetup-job-temp-allocator-block-size-background=1048576"
    "memorysetup-job-temp-allocator-reduction-small-platforms=262144"
    "memorysetup-allocator-temp-initial-block-size-main=262144"
    "memorysetup-allocator-temp-initial-block-size-worker=262144"
    "memorysetup-temp-allocator-size-background-worker=32768"
    "memorysetup-temp-allocator-size-job-worker=262144"
    "memorysetup-temp-allocator-size-preload-manager=33554432"
    "memorysetup-temp-allocator-size-nav-mesh-worker=65536"
    "memorysetup-temp-allocator-size-audio-worker=65536"
    "memorysetup-temp-allocator-size-cloud-worker=32768"
    "memorysetup-temp-allocator-size-gi-baking-worker=262144"
    "memorysetup-temp-allocator-size-gfx=262144"
Player connection [4481860992] Host "[IP] 172.28.30.119 [Port] 0 [Flags] 2 [Guid] 4012602851 [EditorId] 4012602851 [Version] 1048832 [Id] OSXEditor(0,MacBook-Air-Pavel.local) [Debug] 1 [PackageName] OSXEditor [ProjectName] Editor" joined multi-casting on [225.0.0.222:54997]...

Player connection [4481860992] Host "[IP] 172.28.30.119 [Port] 0 [Flags] 2 [Guid] 4012602851 [EditorId] 4012602851 [Version] 1048832 [Id] OSXEditor(0,MacBook-Air-Pavel.local) [Debug] 1 [PackageName] OSXEditor [ProjectName] Editor" joined alternative multi-casting on [225.0.0.222:34997]...

[Physics::Module] Initialized MultithreadedJobDispatcher with 7 workers.
Refreshing native plugins compatible for Editor in 8.10 ms, found 2 plugins.
Preloading 0 native plugins for Editor in 0.00 ms.
Initialize engine version: 2022.3.14f1 (eff2de9070d8)
[Subsystems] Discovering subsystems at path /Applications/Unity/Unity.app/Contents/Resources/UnitySubsystems
[Subsystems] Discovering subsystems at path /Users/pavelmalkov/Unity/Imagine_RocketLaunch/Rocket Launch Sim/Assets
GfxDevice: creating device client; threaded=0; jobified=0
 preferred device: Apple M1 (high power)
Metal devices available: 1
0: Apple M1 (high power)
Using device Apple M1 (high power)
Initializing Metal device caps: Apple M1
Initialize mono
Mono path[0] = '/Applications/Unity/Unity.app/Contents/Managed'
Mono path[1] = '/Applications/Unity/Unity.app/Contents/MonoBleedingEdge/lib/mono/unityjit-macos'
Mono config path = '/Applications/Unity/Unity.app/Contents/MonoBleedingEdge/etc'
Using monoOptions --debugger-agent=transport=dt_socket,embedding=1,server=y,suspend=n,address=127.0.0.1:56688
Begin MonoManager ReloadAssembly
Registering precompiled unity dll's ...
Register platform support module: /Applications/Unity/Unity.app/Contents/PlaybackEngines/MacStandaloneSupport/UnityEditor.OSXStandalone.Extensions.dll
Registered in 0.001467 seconds.
- Loaded All Assemblies, in  0.275 seconds
Native extension for OSXStandalone target not found
Mono: successfully reloaded assembly
- Finished resetting the current domain, in  0.170 seconds
Domain Reload Profiling: 444ms
	BeginReloadAssembly (97ms)
		ExecutionOrderSort (0ms)
		DisableScriptedObjects (0ms)
		BackupInstance (0ms)
		ReleaseScriptingObjects (0ms)
		CreateAndSetChildDomain (0ms)
	RebuildCommonClasses (28ms)
	RebuildNativeTypeToScriptingClass (9ms)
	initialDomainReloadingComplete (34ms)
	LoadAllAssembliesAndSetupDomain (107ms)
		LoadAssemblies (97ms)
		RebuildTransferFunctionScriptingTraits (0ms)
		AnalyzeDomain (105ms)
			TypeCache.Refresh (104ms)
				TypeCache.ScanAssembly (93ms)
			ScanForSourceGeneratedMonoScriptInfo (0ms)
			ResolveRequiredComponents (0ms)
	FinalizeReload (170ms)
		ReleaseScriptCaches (0ms)
		RebuildScriptCaches (0ms)
		SetupLoadedEditorAssemblies (127ms)
			LogAssemblyErrors (0ms)
			InitializePlatformSupportModulesInManaged (5ms)
			SetLoadedEditorAssemblies (5ms)
			RefreshPlugins (0ms)
			BeforeProcessingInitializeOnLoad (1ms)
			ProcessInitializeOnLoadAttributes (85ms)
			ProcessInitializeOnLoadMethodAttributes (31ms)
			AfterProcessingInitializeOnLoad (0ms)
			EditorAssembliesLoaded (0ms)
		ExecutionOrderSort2 (0ms)
		AwakeInstancesAfterBackupRestoration (0ms)
========================================================================
Worker process is ready to serve import requests
Begin MonoManager ReloadAssembly
Assembly 'Assets/UnityVS/Editor/UnityVS.VersionSpecific 1.dll' will not be loaded due to errors:
Assembly name 'UnityVS.VersionSpecific' does not match file name 'UnityVS.VersionSpecific 1'
Symbol file LoadedFromMemory is not a mono symbol file
- Loaded All Assemblies, in  0.448 seconds
Refreshing native plugins compatible for Editor in 1.87 ms, found 2 plugins.
Native extension for OSXStandalone target not found
Package Manager log level set to [2]
[Package Manager] Server::EnsureServerProcessIsRunning -- launch failed, reason: Unity was launched with the -noUpm command-line argument
[Package Manager] UpmClient::Send -- Unable to send message (not connected to UPM process).
[Package Manager] Cannot connect to Unity Package Manager local server
Mono: successfully reloaded assembly
- Finished resetting the current domain, in  0.427 seconds
Domain Reload Profiling: 875ms
	BeginReloadAssembly (96ms)
		ExecutionOrderSort (0ms)
		DisableScriptedObjects (3ms)
		BackupInstance (0ms)
		ReleaseScriptingObjects (0ms)
		CreateAndSetChildDomain (23ms)
	RebuildCommonClasses (28ms)
	RebuildNativeTypeToScriptingClass (9ms)
	initialDomainReloadingComplete (25ms)
	LoadAllAssembliesAndSetupDomain (290ms)
		LoadAssemblies (243ms)
		RebuildTransferFunctionScriptingTraits (0ms)
		AnalyzeDomain (92ms)
			TypeCache.Refresh (80ms)
				TypeCache.ScanAssembly (65ms)
			ScanForSourceGeneratedMonoScriptInfo (10ms)
			ResolveRequiredComponents (2ms)
	FinalizeReload (427ms)
		ReleaseScriptCaches (0ms)
		RebuildScriptCaches (0ms)
		SetupLoadedEditorAssemblies (327ms)
			LogAssemblyErrors (0ms)
			InitializePlatformSupportModulesInManaged (2ms)
			SetLoadedEditorAssemblies (2ms)
			RefreshPlugins (0ms)
			BeforeProcessingInitializeOnLoad (33ms)
			ProcessInitializeOnLoadAttributes (184ms)
			ProcessInitializeOnLoadMethodAttributes (105ms)
			AfterProcessingInitializeOnLoad (0ms)
			EditorAssembliesLoaded (0ms)
		ExecutionOrderSort2 (0ms)
		AwakeInstancesAfterBackupRestoration (3ms)
Launching external process: /Applications/Unity/Unity.app/Contents/Tools/UnityShaderCompiler
Launched and connected shader compiler UnityShaderCompiler after 0.05 seconds
Refreshing native plugins compatible for Editor in 2.10 ms, found 2 plugins.
Preloading 0 native plugins for Editor in 0.00 ms.
Unloading 2591 Unused Serialized files (Serialized files now loaded: 0)
Unloading 66 unused Assets / (69.0 KB). Loaded Objects now: 3059.
Memory consumption went from 227.8 MB to 227.7 MB.
Total: 5.748417 ms (FindLiveObjects: 0.095875 ms CreateObjectMapping: 0.033042 ms MarkObjects: 5.473375 ms  DeleteObjects: 0.145125 ms)

AssetImportParameters requested are different than current active one (requested -> active):
  custom:video-decoder-webm-vp8: 9c59270c3fd7afecdb556c50c9e8de78 -> 
  custom:SearchIndexIgnoredProperties: e643bd26f0fe6173181afceb89e7c659 -> 
  custom:container-demuxer-ogg: 62fdf1f143b41e24485cea50d1cbac27 -> 
  custom:AudioImporter_EditorPlatform: 3918e3fc78b5a79bad01e8451be0beb8 -> 
  custom:video-decoder-ogg-theora: a1e56fd34408186e4bbccfd4996cb3dc -> 
  custom:framework-osx-AVFoundation: e770b220cccbd017edd2c1fefb359320 -> 
  custom:video-encoder-webm-vp8: eb34c28f22e8b96e1ab97ce403110664 -> 
  custom:audio-decoder-ogg-vorbis: bf7c407c2cedff20999df2af8eb42d56 -> 
  custom:CustomObjectIndexerAttribute: 756ad292c208cfabdd7b50bc23989ffe -> 
  custom:container-demuxer-webm: 4f35f7cbe854078d1ac9338744f61a02 -> 
  custom:audio-encoder-webm-vorbis: bf7c407c2cedff20999df2af8eb42d56 -> 
  custom:container-muxer-webm: aa71ff27fc2769a1b78a27578f13a17b -> 
========================================================================
Received Import Request.
  Time since last request: 1259744.782097 seconds.
  path: Assets/_TerrainAutoUpgrade/layer_MudRockyAlbedoSpecularMudRockyNormals4c41d0ed2d3a0b54.terrainlayer
  artifactKey: Guid(7ebf92e1cc3c246aebc2a4280e11dd7a) Importer(815301076,1909f56bfc062723c751e8b465ee728b)
Start importing Assets/_TerrainAutoUpgrade/layer_MudRockyAlbedoSpecularMudRockyNormals4c41d0ed2d3a0b54.terrainlayer using Guid(7ebf92e1cc3c246aebc2a4280e11dd7a) Importer(815301076,1909f56bfc062723c751e8b465ee728b)  -> (artifact id: 'f14feb5a2ea48c331b0aac1625a5b9f9') in 0.067136 seconds
Number of updated asset objects reloaded before import = 0
Number of asset objects unloaded after import = 4
========================================================================
Received Import Request.
  Time since last request: 0.000033 seconds.
  path: Assets/standard assets/environment/terrainassets/SurfaceTextures/MudRockyAlbedoSpecular.bmp
  artifactKey: Guid(ef5c51cfa2ce46043a41a376b560c525) Importer(815301076,1909f56bfc062723c751e8b465ee728b)
Start importing Assets/standard assets/environment/terrainassets/SurfaceTextures/MudRockyAlbedoSpecular.bmp using Guid(ef5c51cfa2ce46043a41a376b560c525) Importer(815301076,1909f56bfc062723c751e8b465ee728b)  -> (artifact id: 'f19ca1cb9b99458dfb1645a5003276c9') in 0.011169 seconds
Number of updated asset objects reloaded before import = 0
Number of asset objects unloaded after import = 2
========================================================================
Received Import Request.
  Time since last request: 0.000147 seconds.
  path: Assets/standard assets/environment/terrainassets/SurfaceTextures/MudRockyNormals.bmp
  artifactKey: Guid(58a059b07b093a745b47c2191525ddce) Importer(815301076,1909f56bfc062723c751e8b465ee728b)
Start importing Assets/standard assets/environment/terrainassets/SurfaceTextures/MudRockyNormals.bmp using Guid(58a059b07b093a745b47c2191525ddce) Importer(815301076,1909f56bfc062723c751e8b465ee728b)  -> (artifact id: 'b0ab38119236acfdd54dd5641434f863') in 0.040198 seconds
Number of updated asset objects reloaded before import = 0
Number of asset objects unloaded after import = 2
========================================================================
Received Import Request.
  Time since last request: 0.000054 seconds.
  path: Assets/Audio/rocket_loop.wav
  artifactKey: Guid(21315740a1fa8034a9af3d94bcbf604f) Importer(815301076,1909f56bfc062723c751e8b465ee728b)
Start importing Assets/Audio/rocket_loop.wav using Guid(21315740a1fa8034a9af3d94bcbf604f) Importer(815301076,1909f56bfc062723c751e8b465ee728b)  -> (artifact id: '96248a1f5eae6c8d4db123b56cfa218f') in 0.053195 seconds
Number of updated asset objects reloaded before import = 0
Number of asset objects unloaded after import = 2
========================================================================
Received Import Request.
  Time since last request: 0.000045 seconds.
  path: Assets/_TerrainAutoUpgrade/layer_RockColorRockNormal183b19783cf24d0d.terrainlayer
  artifactKey: Guid(c1a1db9fe1a21446f8e80dce6f62bbd7) Importer(815301076,1909f56bfc062723c751e8b465ee728b)
Start importing Assets/_TerrainAutoUpgrade/layer_RockColorRockNormal183b19783cf24d0d.terrainlayer using Guid(c1a1db9fe1a21446f8e80dce6f62bbd7) Importer(815301076,1909f56bfc062723c751e8b465ee728b)  -> (artifact id: 'e4e4d21f1bd64fd6ef932c036019383d') in 0.006576 seconds
Number of updated asset objects reloaded before import = 0
Number of asset objects unloaded after import = 4
========================================================================
Received Import Request.
  Time since last request: 61.246389 seconds.
  path: Assets/standard assets/environment/terrainassets/SurfaceTextures/GrassHillAlbedo.psd
  artifactKey: Guid(c6e0767b1f8c34890ac245217f4b9731) Importer(815301076,1909f56bfc062723c751e8b465ee728b)
Start importing Assets/standard assets/environment/terrainassets/SurfaceTextures/GrassHillAlbedo.psd using Guid(c6e0767b1f8c34890ac245217f4b9731) Importer(815301076,1909f56bfc062723c751e8b465ee728b)  -> (artifact id: '5177cf818a2c79a25595d5757ff78e8c') in 0.009535 seconds
Number of updated asset objects reloaded before import = 0
Number of asset objects unloaded after import = 2
========================================================================
Received Import Request.
  Time since last request: 288.578166 seconds.
  path: Assets/standard assets/environment/terrainassets/BillboardTextures/GrassFrond02AlbedoAlpha.psd
  artifactKey: Guid(d6cdc79ec19714fcd980ca3f6ac01a0a) Importer(815301076,1909f56bfc062723c751e8b465ee728b)
Start importing Assets/standard assets/environment/terrainassets/BillboardTextures/GrassFrond02AlbedoAlpha.psd using Guid(d6cdc79ec19714fcd980ca3f6ac01a0a) Importer(815301076,1909f56bfc062723c751e8b465ee728b)  -> (artifact id: 'd7270bce20400893e10f0f5ece858ab9') in 0.028601 seconds
Number of updated asset objects reloaded before import = 0
Number of asset objects unloaded after import = 2
========================================================================
Received Import Request.
  Time since last request: 38.868587 seconds.
  path: Assets/Terrain/Environment.prefab
  artifactKey: Guid(13e1168c8310519469d1b9e748c51370) Importer(815301076,1909f56bfc062723c751e8b465ee728b)
Start importing Assets/Terrain/Environment.prefab using Guid(13e1168c8310519469d1b9e748c51370) Importer(815301076,1909f56bfc062723c751e8b465ee728b)  -> (artifact id: '7034dd9d076f1d2545855beed83da816') in 0.484907 seconds
Number of updated asset objects reloaded before import = 0
Number of asset objects unloaded after import = 1522
========================================================================
Received Import Request.
  Time since last request: 530.698894 seconds.
  path: Assets/Textures/Cliff/columned-lava-rock_ao.png
  artifactKey: Guid(9d86bd716bac04ff1a64f83c14512026) Importer(815301076,1909f56bfc062723c751e8b465ee728b)
Start importing Assets/Textures/Cliff/columned-lava-rock_ao.png using Guid(9d86bd716bac04ff1a64f83c14512026) Importer(815301076,1909f56bfc062723c751e8b465ee728b)  -> (artifact id: '8f1c9ef4e2307f257ec74ff454401bfb') in 0.032572 seconds
Number of updated asset objects reloaded before import = 0
Number of asset objects unloaded after import = 2
========================================================================
Received Import Request.
  Time since last request: 0.000067 seconds.
  path: Assets/Textures/Cliff/columned-lava-rock_preview.jpg
  artifactKey: Guid(ede6026525d564459bbb709b14665a48) Importer(815301076,1909f56bfc062723c751e8b465ee728b)
Start importing Assets/Textures/Cliff/columned-lava-rock_preview.jpg using Guid(ede6026525d564459bbb709b14665a48) Importer(815301076,1909f56bfc062723c751e8b465ee728b)  -> (artifact id: '98654c5c88a583600bd435a367cdc01c') in 0.003691 seconds
Number of updated asset objects reloaded before import = 0
Number of asset objects unloaded after import = 2
========================================================================
Received Import Request.
  Time since last request: 570.960180 seconds.
  path: Assets/Textures/Cliff/dry-rocky-ground_ao.png
  artifactKey: Guid(a1b69e0d93adb48d797cc0f974544cf1) Importer(815301076,1909f56bfc062723c751e8b465ee728b)
Start importing Assets/Textures/Cliff/dry-rocky-ground_ao.png using Guid(a1b69e0d93adb48d797cc0f974544cf1) Importer(815301076,1909f56bfc062723c751e8b465ee728b)  -> (artifact id: '91bc8afead0602ceb746b4b67fe682a8') in 0.050885 seconds
Number of updated asset objects reloaded before import = 0
Number of asset objects unloaded after import = 2
========================================================================
Received Import Request.
  Time since last request: 0.000048 seconds.
  path: Assets/Textures/Cliff/dry-rocky-ground_normal-ogl.png
  artifactKey: Guid(640c31c09b78a411c8c8aaac9b248de7) Importer(815301076,1909f56bfc062723c751e8b465ee728b)
Start importing Assets/Textures/Cliff/dry-rocky-ground_normal-ogl.png using Guid(640c31c09b78a411c8c8aaac9b248de7) Importer(815301076,1909f56bfc062723c751e8b465ee728b)  -> (artifact id: '4d27d636fa3daff2779c0f19b0e328f0') in 0.005724 seconds
Number of updated asset objects reloaded before import = 0
Number of asset objects unloaded after import = 2
========================================================================
Received Import Request.
  Time since last request: 0.000089 seconds.
  path: Assets/Textures/Cliff/dry-rocky-ground_preview.jpg
  artifactKey: Guid(df8267eed1f5a4932b8b3c2de8c63f95) Importer(815301076,1909f56bfc062723c751e8b465ee728b)
Start importing Assets/Textures/Cliff/dry-rocky-ground_preview.jpg using Guid(df8267eed1f5a4932b8b3c2de8c63f95) Importer(815301076,1909f56bfc062723c751e8b465ee728b)  -> (artifact id: '9e9453b17568741109a86f531907e15c') in 0.004285 seconds
Number of updated asset objects reloaded before import = 0
Number of asset objects unloaded after import = 2
========================================================================
Received Import Request.
  Time since last request: 146.379684 seconds.
  path: Assets/Textures/terrain/columned-lava-rock_ao.png
  artifactKey: Guid(37f7cc63d61f842dab7a821d08a0fc17) Importer(815301076,1909f56bfc062723c751e8b465ee728b)
Start importing Assets/Textures/terrain/columned-lava-rock_ao.png using Guid(37f7cc63d61f842dab7a821d08a0fc17) Importer(815301076,1909f56bfc062723c751e8b465ee728b)  -> (artifact id: '2235e2d8c3a785f87892d454717f69c1') in 0.009219 seconds
Number of updated asset objects reloaded before import = 0
Number of asset objects unloaded after import = 2
========================================================================
Received Import Request.
  Time since last request: 0.000154 seconds.
  path: Assets/Textures/terrain/columned-lava-rock_preview.jpg
  artifactKey: Guid(d84791f854c6a48d79341f2c1ebd6f80) Importer(815301076,1909f56bfc062723c751e8b465ee728b)
Start importing Assets/Textures/terrain/columned-lava-rock_preview.jpg using Guid(d84791f854c6a48d79341f2c1ebd6f80) Importer(815301076,1909f56bfc062723c751e8b465ee728b)  -> (artifact id: 'd2ad93a9f87cc4f8ca24f124506e4c91') in 0.006928 seconds
Number of updated asset objects reloaded before import = 0
Number of asset objects unloaded after import = 2
========================================================================
Received Import Request.
  Time since last request: 0.000031 seconds.
  path: Assets/Textures/terrain/columned-lava-rock_height.png
  artifactKey: Guid(95671afae6b3444aaa8a8eab3522547f) Importer(815301076,1909f56bfc062723c751e8b465ee728b)
Start importing Assets/Textures/terrain/columned-lava-rock_height.png using Guid(95671afae6b3444aaa8a8eab3522547f) Importer(815301076,1909f56bfc062723c751e8b465ee728b)  -> (artifact id: '1b65e7e445af086df3e1db7d6581d784') in 0.004830 seconds
Number of updated asset objects reloaded before import = 0
Number of asset objects unloaded after import = 2
========================================================================
Received Import Request.
  Time since last request: 15506.859427 seconds.
  path: Assets/models/N_c8e93086eb6c417cb2780e9fe2dee08c_LC-109_95_for_texturing_LC_109_95_Normal.jpeg
  artifactKey: Guid(e120c21b7d6e2401b84a08f5910b2862) Importer(815301076,1909f56bfc062723c751e8b465ee728b)
Start importing Assets/models/N_c8e93086eb6c417cb2780e9fe2dee08c_LC-109_95_for_texturing_LC_109_95_Normal.jpeg using Guid(e120c21b7d6e2401b84a08f5910b2862) Importer(815301076,1909f56bfc062723c751e8b465ee728b)  -> (artifact id: 'b7e2212c70e4156d5c18f562d318676d') in 0.041731 seconds
Number of updated asset objects reloaded before import = 0
Number of asset objects unloaded after import = 2
========================================================================
Received Import Request.
  Time since last request: 0.000064 seconds.
  path: Assets/models/RGB_9f631859ec4543749b0b6c5998b60395_LC-109_95_for_texturing_LC_109_95_BaseColor.png
  artifactKey: Guid(ef85b787941554bb3a36ed374f65273d) Importer(815301076,1909f56bfc062723c751e8b465ee728b)
Start importing Assets/models/RGB_9f631859ec4543749b0b6c5998b60395_LC-109_95_for_texturing_LC_109_95_BaseColor.png using Guid(ef85b787941554bb3a36ed374f65273d) Importer(815301076,1909f56bfc062723c751e8b465ee728b)  -> (artifact id: '5ca6158f1c19ce0b65dac94af615e7ab') in 0.006322 seconds
Number of updated asset objects reloaded before import = 0
Number of asset objects unloaded after import = 2
========================================================================
Received Import Request.
  Time since last request: 836.328368 seconds.
  path: Assets/models/model.jpg
  artifactKey: Guid(6ca6e30e2f8064bd0bb09e491ce4de52) Importer(815301076,1909f56bfc062723c751e8b465ee728b)
Start importing Assets/models/model.jpg using Guid(6ca6e30e2f8064bd0bb09e491ce4de52) Importer(815301076,1909f56bfc062723c751e8b465ee728b)  -> (artifact id: 'ff7f125ea44e7b187803e80b1b2129bb') in 0.009802 seconds
Number of updated asset objects reloaded before import = 0
Number of asset objects unloaded after import = 2
========================================================================
Received Import Request.
  Time since last request: 661.768217 seconds.
  path: Assets/standard assets/vehicles/aircraft/Materials/AircraftFuselageGrey.mat
  artifactKey: Guid(141b5bb76b8b39342a5a787acbeaabfd) Importer(815301076,1909f56bfc062723c751e8b465ee728b)
Start importing Assets/standard assets/vehicles/aircraft/Materials/AircraftFuselageGrey.mat using Guid(141b5bb76b8b39342a5a787acbeaabfd) Importer(815301076,1909f56bfc062723c751e8b465ee728b)  -> (artifact id: '7477a43b8bcd4f537bb765f22600d3f0') in 0.592317 seconds
Number of updated asset objects reloaded before import = 0
Number of asset objects unloaded after import = 4
========================================================================
Received Import Request.
  Time since last request: 0.000059 seconds.
  path: Assets/standard assets/environment/SpeedTree/Broadleaf/Broadleaf_Mobile Materials/LOD0/Branches_0.mat
  artifactKey: Guid(bfc1dabf45016eb46b99df1a78054924) Importer(815301076,1909f56bfc062723c751e8b465ee728b)
Start importing Assets/standard assets/environment/SpeedTree/Broadleaf/Broadleaf_Mobile Materials/LOD0/Branches_0.mat using Guid(bfc1dabf45016eb46b99df1a78054924) Importer(815301076,1909f56bfc062723c751e8b465ee728b)  -> (artifact id: '4019fba1208a166d129ba3388e3fd15e') in 0.049429 seconds
Number of updated asset objects reloaded before import = 0
Number of asset objects unloaded after import = 3
========================================================================
Received Import Request.
  Time since last request: 0.000045 seconds.
  path: Assets/standard assets/environment/SpeedTree/Broadleaf/Broadleaf_Desktop Materials/LOD2/Branches_0.mat
  artifactKey: Guid(b0d5705176a0d36419d034e2ea46491a) Importer(815301076,1909f56bfc062723c751e8b465ee728b)
Start importing Assets/standard assets/environment/SpeedTree/Broadleaf/Broadleaf_Desktop Materials/LOD2/Branches_0.mat using Guid(b0d5705176a0d36419d034e2ea46491a) Importer(815301076,1909f56bfc062723c751e8b465ee728b)  -> (artifact id: '85241b7c3d068de4220a935f88fb021c') in 0.006500 seconds
Number of updated asset objects reloaded before import = 0
Number of asset objects unloaded after import = 3
========================================================================
Received Import Request.
  Time since last request: 0.000121 seconds.
  path: Assets/standard assets/vehicles/aircraft/models/Materials/AircraftFuselageWhite.mat
  artifactKey: Guid(aca6460f5f0fa994a91349aa3ccad45a) Importer(815301076,1909f56bfc062723c751e8b465ee728b)
Start importing Assets/standard assets/vehicles/aircraft/models/Materials/AircraftFuselageWhite.mat using Guid(aca6460f5f0fa994a91349aa3ccad45a) Importer(815301076,1909f56bfc062723c751e8b465ee728b)  -> (artifact id: '7413564c2527daa283e1408a04276d47') in 0.066160 seconds
Number of updated asset objects reloaded before import = 0
Number of asset objects unloaded after import = 1
========================================================================
Received Import Request.
  Time since last request: 0.000100 seconds.
  path: Assets/standard assets/vehicles/aircraft/Prefabs/AircraftPropellerAi.prefab
  artifactKey: Guid(cd707c1f484f43249bab272ac76a0174) Importer(815301076,1909f56bfc062723c751e8b465ee728b)
Start importing Assets/standard assets/vehicles/aircraft/Prefabs/AircraftPropellerAi.prefab using Guid(cd707c1f484f43249bab272ac76a0174) Importer(815301076,1909f56bfc062723c751e8b465ee728b)  -> (artifact id: 'eaf962a5d077558f14adb8fe7d4164bd') in 0.012130 seconds
Number of updated asset objects reloaded before import = 0
Number of asset objects unloaded after import = 185
========================================================================
Received Import Request.
  Time since last request: 0.000064 seconds.
  path: Assets/standard assets/environment/SpeedTree/Broadleaf/Broadleaf_Mobile Materials/LOD2/Branches_0.mat
  artifactKey: Guid(cd764ab8662bea6468202df8741bcfd3) Importer(815301076,1909f56bfc062723c751e8b465ee728b)
Start importing Assets/standard assets/environment/SpeedTree/Broadleaf/Broadleaf_Mobile Materials/LOD2/Branches_0.mat using Guid(cd764ab8662bea6468202df8741bcfd3) Importer(815301076,1909f56bfc062723c751e8b465ee728b)  -> (artifact id: 'ee86f309db375a545748feb074956c35') in 0.041293 seconds
Number of updated asset objects reloaded before import = 0
Number of asset objects unloaded after import = 3
========================================================================
Received Import Request.
  Time since last request: 0.000074 seconds.
  path: Assets/standard assets/environment/SpeedTree/Broadleaf/Broadleaves_Card_Desktop.tga
  artifactKey: Guid(ea60173ceac07334c91568c48cc765cd) Importer(815301076,1909f56bfc062723c751e8b465ee728b)
Start importing Assets/standard assets/environment/SpeedTree/Broadleaf/Broadleaves_Card_Desktop.tga using Guid(ea60173ceac07334c91568c48cc765cd) Importer(815301076,1909f56bfc062723c751e8b465ee728b)  -> (artifact id: '25d3ee39a03a17876482492dc38b38a6') in 0.018747 seconds
Number of updated asset objects reloaded before import = 0
Number of asset objects unloaded after import = 2
========================================================================
Received Import Request.
  Time since last request: 0.000048 seconds.
  path: Assets/standard assets/vehicles/aircraft/Textures/AircraftFuselageOcclusion.png
  artifactKey: Guid(d378ff11c42566d46b0b11cd91eca3a3) Importer(815301076,1909f56bfc062723c751e8b465ee728b)
Start importing Assets/standard assets/vehicles/aircraft/Textures/AircraftFuselageOcclusion.png using Guid(d378ff11c42566d46b0b11cd91eca3a3) Importer(815301076,1909f56bfc062723c751e8b465ee728b)  -> (artifact id: '617cd76f8c4df5946b7b9195027ac952') in 0.005100 seconds
Number of updated asset objects reloaded before import = 0
Number of asset objects unloaded after import = 2
========================================================================
Received Import Request.
  Time since last request: 0.000120 seconds.
  path: Assets/standard assets/environment/SpeedTree/Conifer/Conifer_Desktop Materials/LOD0/Branches_1.mat
  artifactKey: Guid(fdb77c3917027234db7a7792019eda2e) Importer(815301076,1909f56bfc062723c751e8b465ee728b)
Start importing Assets/standard assets/environment/SpeedTree/Conifer/Conifer_Desktop Materials/LOD0/Branches_1.mat using Guid(fdb77c3917027234db7a7792019eda2e) Importer(815301076,1909f56bfc062723c751e8b465ee728b)  -> (artifact id: 'c75946c93c6bb4320387b1fc953e0d2b') in 0.006380 seconds
Number of updated asset objects reloaded before import = 0
Number of asset objects unloaded after import = 3
